<?xml version="1.0" encoding="UTF-8"?>
<coverage generated="1720355441673" clover="3.2.0">
  <project timestamp="1720355441674" name="All files">
    <metrics statements="13" coveredstatements="4" conditionals="5" coveredconditionals="0" methods="13" coveredmethods="5" elements="31" coveredelements="9" complexity="0" loc="13" ncloc="13" packages="1" files="1" classes="1"/>
    <file name="Library.js" path="C:\Users\jean-louis.goueguy\Desktop\TRAININGS\OSCHOOL\library-project\Library.js">
      <metrics statements="13" coveredstatements="4" conditionals="5" coveredconditionals="0" methods="13" coveredmethods="5"/>
      <line num="4" count="3" type="stmt"/>
      <line num="8" count="2" type="stmt"/>
      <line num="12" count="1" type="stmt"/>
      <line num="16" count="0" type="stmt"/>
      <line num="17" count="0" type="stmt"/>
      <line num="18" count="0" type="cond" truecount="0" falsecount="2"/>
      <line num="19" count="0" type="stmt"/>
      <line num="21" count="0" type="stmt"/>
      <line num="24" count="0" type="stmt"/>
      <line num="28" count="0" type="stmt"/>
      <line num="31" count="0" type="stmt"/>
      <line num="34" count="0" type="cond" truecount="0" falsecount="2"/>
      <line num="37" count="3" type="stmt"/>
    </file>
  </project>
</coverage>
